<?xml version="1.0" encoding="UTF-8"?>
<testng-results ignored="0" total="2" passed="0" failed="2" skipped="0">
  <reporter-output>
    <line>
      <![CDATA[launching browser]]>
    </line>
    <line>
      <![CDATA[waiting...]]>
    </line>
    <line>
      <![CDATA[Reading data from property fileage]]>
    </line>
    <line>
      <![CDATA[selecting age]]>
    </line>
    <line>
      <![CDATA[click on next button]]>
    </line>
    <line>
      <![CDATA[Reading data from property filepincode]]>
    </line>
    <line>
      <![CDATA[select Pincode]]>
    </line>
    <line>
      <![CDATA[Reading data from property filemobno]]>
    </line>
    <line>
      <![CDATA[select mobilenumber]]>
    </line>
    <line>
      <![CDATA[click on next button]]>
    </line>
    <line>
      <![CDATA[ChecksortPlanTC execution started]]>
    </line>
    <line>
      <![CDATA[TCChecksortPlan is failed]]>
    </line>
    <line>
      <![CDATA[taking Screenshot]]>
    </line>
    <line>
      <![CDATA[saving file at locationC:\Users\LENOVO\eclipse-workspace\March_Selinium\coverfoxscreenshot\ChecksortPlan.png]]>
    </line>
    <line>
      <![CDATA[validationBannersTC execution started]]>
    </line>
    <line>
      <![CDATA[TCvalidationBanners is failed]]>
    </line>
    <line>
      <![CDATA[taking Screenshot]]>
    </line>
    <line>
      <![CDATA[saving file at locationC:\Users\LENOVO\eclipse-workspace\March_Selinium\coverfoxscreenshot\validationBanners.png]]>
    </line>
  </reporter-output>
  <suite started-at="2024-08-10T22:22:35 IST" name="Default suite" finished-at="2024-08-10T22:22:58 IST" duration-ms="22967">
    <groups>
    </groups>
    <test started-at="2024-08-10T22:22:35 IST" name="Default test" finished-at="2024-08-10T22:22:58 IST" duration-ms="22967">
      <class name="coverFoxTest.Listerner">
        <test-method is-config="true" signature="launchBrowser()[pri:0, instance:coverFoxTest.Listerner@f381794]" started-at="2024-08-10T22:22:35 IST" name="launchBrowser" finished-at="2024-08-10T22:22:39 IST" duration-ms="3716" status="PASS">
          <reporter-output>
            <line>
              <![CDATA[launching browser]]>
            </line>
            <line>
              <![CDATA[waiting...]]>
            </line>
          </reporter-output>
        </test-method> <!-- launchBrowser -->
        <test-method is-config="true" signature="preconditions()[pri:0, instance:coverFoxTest.Listerner@f381794]" started-at="2024-08-10T22:22:39 IST" name="preconditions" finished-at="2024-08-10T22:22:49 IST" duration-ms="10467" status="PASS">
          <reporter-output>
            <line>
              <![CDATA[Reading data from property fileage]]>
            </line>
            <line>
              <![CDATA[selecting age]]>
            </line>
            <line>
              <![CDATA[click on next button]]>
            </line>
            <line>
              <![CDATA[Reading data from property filepincode]]>
            </line>
            <line>
              <![CDATA[select Pincode]]>
            </line>
            <line>
              <![CDATA[Reading data from property filemobno]]>
            </line>
            <line>
              <![CDATA[select mobilenumber]]>
            </line>
            <line>
              <![CDATA[click on next button]]>
            </line>
          </reporter-output>
        </test-method> <!-- preconditions -->
        <test-method signature="ChecksortPlan()[pri:0, instance:coverFoxTest.Listerner@f381794]" started-at="2024-08-10T22:22:49 IST" name="ChecksortPlan" finished-at="2024-08-10T22:22:53 IST" duration-ms="4065" status="FAIL">
          <exception class="org.openqa.selenium.InvalidSelectorException">
            <message>
              <![CDATA[invalid selector
from javascript error: {"status":32,"value":"Unable to locate an element with the xpath expression //div[text()='Sort Plans']\")) because of the following error:\nSyntaxError: Failed to execute 'evaluate' on 'Document': The string '//div[text()='Sort Plans']\"))' is not a valid XPath expression."}
  (Session info: chrome=127.0.6533.100)
For documentation on this error, please visit: https://www.selenium.dev/documentation/webdriver/troubleshooting/errors#invalid-selector-exception
Build info: version: '4.21.0', revision: '79ed462ef4'
System info: os.name: 'Windows 11', os.arch: 'amd64', os.version: '10.0', java.version: '22'
Driver info: org.openqa.selenium.chrome.ChromeDriver
Command: [b4f0e22bb1b406c970b93bbc2a4545ae, findElement {value=//div[text()='Sort Plans']")), using=xpath}]
Capabilities {acceptInsecureCerts: false, browserName: chrome, browserVersion: 127.0.6533.100, chrome: {chromedriverVersion: 127.0.6533.99 (f31af5097d90..., userDataDir: C:\Users\LENOVO\AppData\Loc...}, fedcm:accounts: true, goog:chromeOptions: {debuggerAddress: localhost:55740}, networkConnectionEnabled: false, pageLoadStrategy: normal, platformName: windows, proxy: Proxy(), se:cdp: ws://localhost:55740/devtoo..., se:cdpVersion: 127.0.6533.100, setWindowRect: true, strictFileInteractability: false, timeouts: {implicit: 0, pageLoad: 300000, script: 30000}, unhandledPromptBehavior: dismiss and notify, webauthn:extension:credBlob: true, webauthn:extension:largeBlob: true, webauthn:extension:minPinLength: true, webauthn:extension:prf: true, webauthn:virtualAuthenticators: true}
Session ID: b4f0e22bb1b406c970b93bbc2a4545ae]]>
            </message>
            <full-stacktrace>
              <![CDATA[org.openqa.selenium.InvalidSelectorException: invalid selector
from javascript error: {"status":32,"value":"Unable to locate an element with the xpath expression //div[text()='Sort Plans']\")) because of the following error:\nSyntaxError: Failed to execute 'evaluate' on 'Document': The string '//div[text()='Sort Plans']\"))' is not a valid XPath expression."}
  (Session info: chrome=127.0.6533.100)
For documentation on this error, please visit: https://www.selenium.dev/documentation/webdriver/troubleshooting/errors#invalid-selector-exception
Build info: version: '4.21.0', revision: '79ed462ef4'
System info: os.name: 'Windows 11', os.arch: 'amd64', os.version: '10.0', java.version: '22'
Driver info: org.openqa.selenium.chrome.ChromeDriver
Command: [b4f0e22bb1b406c970b93bbc2a4545ae, findElement {value=//div[text()='Sort Plans']")), using=xpath}]
Capabilities {acceptInsecureCerts: false, browserName: chrome, browserVersion: 127.0.6533.100, chrome: {chromedriverVersion: 127.0.6533.99 (f31af5097d90..., userDataDir: C:\Users\LENOVO\AppData\Loc...}, fedcm:accounts: true, goog:chromeOptions: {debuggerAddress: localhost:55740}, networkConnectionEnabled: false, pageLoadStrategy: normal, platformName: windows, proxy: Proxy(), se:cdp: ws://localhost:55740/devtoo..., se:cdpVersion: 127.0.6533.100, setWindowRect: true, strictFileInteractability: false, timeouts: {implicit: 0, pageLoad: 300000, script: 30000}, unhandledPromptBehavior: dismiss and notify, webauthn:extension:credBlob: true, webauthn:extension:largeBlob: true, webauthn:extension:minPinLength: true, webauthn:extension:prf: true, webauthn:virtualAuthenticators: true}
Session ID: b4f0e22bb1b406c970b93bbc2a4545ae
at java.base/jdk.internal.reflect.DirectConstructorHandleAccessor.newInstance(DirectConstructorHandleAccessor.java:62)
at java.base/java.lang.reflect.Constructor.newInstanceWithCaller(Constructor.java:502)
at java.base/java.lang.reflect.Constructor.newInstance(Constructor.java:486)
at org.openqa.selenium.remote.ErrorCodec.decode(ErrorCodec.java:167)
at org.openqa.selenium.remote.codec.w3c.W3CHttpResponseCodec.decode(W3CHttpResponseCodec.java:138)
at org.openqa.selenium.remote.codec.w3c.W3CHttpResponseCodec.decode(W3CHttpResponseCodec.java:50)
at org.openqa.selenium.remote.HttpCommandExecutor.execute(HttpCommandExecutor.java:190)
at org.openqa.selenium.remote.service.DriverCommandExecutor.invokeExecute(DriverCommandExecutor.java:216)
at org.openqa.selenium.remote.service.DriverCommandExecutor.execute(DriverCommandExecutor.java:174)
at org.openqa.selenium.remote.RemoteWebDriver.execute(RemoteWebDriver.java:518)
at org.openqa.selenium.remote.ElementLocation$ElementFinder$2.findElement(ElementLocation.java:165)
at org.openqa.selenium.remote.ElementLocation.findElement(ElementLocation.java:59)
at org.openqa.selenium.remote.RemoteWebDriver.findElement(RemoteWebDriver.java:355)
at org.openqa.selenium.remote.RemoteWebDriver.findElement(RemoteWebDriver.java:349)
at org.openqa.selenium.support.pagefactory.DefaultElementLocator.findElement(DefaultElementLocator.java:68)
at org.openqa.selenium.support.pagefactory.internal.LocatingElementHandler.invoke(LocatingElementHandler.java:38)
at jdk.proxy2/jdk.proxy2.$Proxy15.isDisplayed(Unknown Source)
at coverFoxUsingPOMandExcel.CoverFoxResultPage.is_displaySortPlan(CoverFoxResultPage.java:48)
at coverFoxTest.Listerner.ChecksortPlan(Listerner.java:88)
at java.base/jdk.internal.reflect.DirectMethodHandleAccessor.invoke(DirectMethodHandleAccessor.java:103)
at java.base/java.lang.reflect.Method.invoke(Method.java:580)
at org.testng.internal.invokers.MethodInvocationHelper.invokeMethod(MethodInvocationHelper.java:141)
at org.testng.internal.invokers.TestInvoker.invokeMethod(TestInvoker.java:686)
at org.testng.internal.invokers.TestInvoker.invokeTestMethod(TestInvoker.java:230)
at org.testng.internal.invokers.MethodRunner.runInSequence(MethodRunner.java:63)
at org.testng.internal.invokers.TestInvoker$MethodInvocationAgent.invoke(TestInvoker.java:992)
at org.testng.internal.invokers.TestInvoker.invokeTestMethods(TestInvoker.java:203)
at org.testng.internal.invokers.TestMethodWorker.invokeTestMethods(TestMethodWorker.java:154)
at org.testng.internal.invokers.TestMethodWorker.run(TestMethodWorker.java:134)
at java.base/java.util.ArrayList.forEach(ArrayList.java:1597)
at org.testng.TestRunner.privateRun(TestRunner.java:739)
at org.testng.TestRunner.run(TestRunner.java:614)
at org.testng.SuiteRunner.runTest(SuiteRunner.java:421)
at org.testng.SuiteRunner.runSequentially(SuiteRunner.java:413)
at org.testng.SuiteRunner.privateRun(SuiteRunner.java:373)
at org.testng.SuiteRunner.run(SuiteRunner.java:312)
at org.testng.SuiteRunnerWorker.runSuite(SuiteRunnerWorker.java:52)
at org.testng.SuiteRunnerWorker.run(SuiteRunnerWorker.java:95)
at org.testng.TestNG.runSuitesSequentially(TestNG.java:1274)
at org.testng.TestNG.runSuitesLocally(TestNG.java:1208)
at org.testng.TestNG.runSuites(TestNG.java:1112)
at org.testng.TestNG.run(TestNG.java:1079)
at org.testng.remote.AbstractRemoteTestNG.run(AbstractRemoteTestNG.java:115)
at org.testng.remote.RemoteTestNG.initAndRun(RemoteTestNG.java:293)
at org.testng.remote.RemoteTestNG.main(RemoteTestNG.java:91)
]]>
            </full-stacktrace>
          </exception> <!-- org.openqa.selenium.InvalidSelectorException -->
          <reporter-output>
            <line>
              <![CDATA[ChecksortPlanTC execution started]]>
            </line>
            <line>
              <![CDATA[TCChecksortPlan is failed]]>
            </line>
            <line>
              <![CDATA[taking Screenshot]]>
            </line>
            <line>
              <![CDATA[saving file at locationC:\Users\LENOVO\eclipse-workspace\March_Selinium\coverfoxscreenshot\ChecksortPlan.png]]>
            </line>
          </reporter-output>
        </test-method> <!-- ChecksortPlan -->
        <test-method signature="validationBanners()[pri:0, instance:coverFoxTest.Listerner@f381794]" started-at="2024-08-10T22:22:53 IST" name="validationBanners" finished-at="2024-08-10T22:22:57 IST" duration-ms="4013" status="FAIL">
          <exception class="java.lang.AssertionError">
            <message>
              <![CDATA[null]]>
            </message>
            <full-stacktrace>
              <![CDATA[java.lang.AssertionError: null
at org.testng.Assert.fail(Assert.java:111)
at org.testng.Assert.fail(Assert.java:116)
at coverFoxTest.Listerner.validationBanners(Listerner.java:76)
at java.base/jdk.internal.reflect.DirectMethodHandleAccessor.invoke(DirectMethodHandleAccessor.java:103)
at java.base/java.lang.reflect.Method.invoke(Method.java:580)
at org.testng.internal.invokers.MethodInvocationHelper.invokeMethod(MethodInvocationHelper.java:141)
at org.testng.internal.invokers.TestInvoker.invokeMethod(TestInvoker.java:686)
at org.testng.internal.invokers.TestInvoker.invokeTestMethod(TestInvoker.java:230)
at org.testng.internal.invokers.MethodRunner.runInSequence(MethodRunner.java:63)
at org.testng.internal.invokers.TestInvoker$MethodInvocationAgent.invoke(TestInvoker.java:992)
at org.testng.internal.invokers.TestInvoker.invokeTestMethods(TestInvoker.java:203)
at org.testng.internal.invokers.TestMethodWorker.invokeTestMethods(TestMethodWorker.java:154)
at org.testng.internal.invokers.TestMethodWorker.run(TestMethodWorker.java:134)
at java.base/java.util.ArrayList.forEach(ArrayList.java:1597)
at org.testng.TestRunner.privateRun(TestRunner.java:739)
at org.testng.TestRunner.run(TestRunner.java:614)
at org.testng.SuiteRunner.runTest(SuiteRunner.java:421)
at org.testng.SuiteRunner.runSequentially(SuiteRunner.java:413)
at org.testng.SuiteRunner.privateRun(SuiteRunner.java:373)
at org.testng.SuiteRunner.run(SuiteRunner.java:312)
at org.testng.SuiteRunnerWorker.runSuite(SuiteRunnerWorker.java:52)
at org.testng.SuiteRunnerWorker.run(SuiteRunnerWorker.java:95)
at org.testng.TestNG.runSuitesSequentially(TestNG.java:1274)
at org.testng.TestNG.runSuitesLocally(TestNG.java:1208)
at org.testng.TestNG.runSuites(TestNG.java:1112)
at org.testng.TestNG.run(TestNG.java:1079)
at org.testng.remote.AbstractRemoteTestNG.run(AbstractRemoteTestNG.java:115)
at org.testng.remote.RemoteTestNG.initAndRun(RemoteTestNG.java:293)
at org.testng.remote.RemoteTestNG.main(RemoteTestNG.java:91)
]]>
            </full-stacktrace>
          </exception> <!-- java.lang.AssertionError -->
          <reporter-output>
            <line>
              <![CDATA[validationBannersTC execution started]]>
            </line>
            <line>
              <![CDATA[TCvalidationBanners is failed]]>
            </line>
            <line>
              <![CDATA[taking Screenshot]]>
            </line>
            <line>
              <![CDATA[saving file at locationC:\Users\LENOVO\eclipse-workspace\March_Selinium\coverfoxscreenshot\validationBanners.png]]>
            </line>
          </reporter-output>
        </test-method> <!-- validationBanners -->
        <test-method is-config="true" signature="CloseBrowser()[pri:0, instance:coverFoxTest.Listerner@f381794]" started-at="2024-08-10T22:22:58 IST" name="CloseBrowser" finished-at="2024-08-10T22:22:58 IST" duration-ms="240" status="PASS">
          <reporter-output>
          </reporter-output>
        </test-method> <!-- CloseBrowser -->
      </class> <!-- coverFoxTest.Listerner -->
    </test> <!-- Default test -->
  </suite> <!-- Default suite -->
</testng-results>
